<?xml version="1.0" encoding="UTF-8"?>
<testsuite name="Cucumber" time="11.286" tests="2" skipped="0" failures="1" errors="0">
<testcase classname="To Test Login Functionality" name="Check login is successful with valid credentials - Example #1.1" time="5.206">
<system-out><![CDATA[
Given user is on login page.................................................passed
When user enters testuser@safemail.icu and valgen...........................passed
And click on login button...................................................passed
]]></system-out>
</testcase>
<testcase classname="Continuing the process of previous state" name="Check route to project path" time="5.812">
<failure type="java.lang.NullPointerException" message="Cannot invoke &quot;org.openqa.selenium.WebDriver.findElement(org.openqa.selenium.By)&quot; because &quot;this.driver&quot; is null">
<![CDATA[java.lang.NullPointerException: Cannot invoke "org.openqa.selenium.WebDriver.findElement(org.openqa.selenium.By)" because "this.driver" is null
	at Steps.Common.clickElementByXpath(Common.java:20)
	at Steps.ProjectStep.navigate_to_home_page(ProjectStep.java:11)
	at ✽.navigate to home page(file:///C:/Users/MaheshMohan/eclipse-workspace/CucumberJava/src/test/resources/Features/project.feature:10)
]]>
</failure>
<system-out><![CDATA[
Then navigate to home page..................................................failed
]]></system-out>
</testcase>
</testsuite>
